<?xml version="1.0" encoding="UTF-8"?>
<!-- Generated by org.testng.reporters.JUnitReportReporter -->
<testsuite hostname="HomeLaptop" name="lqas.automation.AppTest" tests="2" failures="0" timestamp="4 Feb 2016 19:07:03 GMT" time="0.010" errors="0">
  <testcase name="secondTest" time="0.000" classname="lqas.automation.AppTest"/>
  <testcase name="firstTest" time="0.010" classname="lqas.automation.AppTest"/>
</testsuite> <!-- lqas.automation.AppTest -->
